MPASM 5.87                           LCD.ASM   1-14-2021  11:43:36         PAGE  1


LOC  OBJECT CODE     LINE SOURCE TEXT
  VALUE

                      00001 ;************************************************
                      00002 ;*                              p18lcd.asm                                              *
                      00003 ;* Routines include:                            *
                      00004 ;*   - InitLCD to initialize the LCD panel      *
                      00005 ;*   - putcLCD to write a character to LCD      *
                      00006 ;*   - SendCmd to write a command to LCD        *
                      00007 ;*   - clrLCD to clear the LCD display          *
                      00008 ;*   - L1homeLCD to return cursor to line 1 home*
                      00009 ;*   - L2homeLCD to return cursor to line 2 home*
                      00010 ;*   - PutHexLCD to write a HEX Code to LCD     *
                      00011 ;*   - Hex2ASCII to convert 4 bits to ASCII Code*
                      00012 ;************************************************
                      00013 
Warning[205]: Found directive in column 1. (list)
                      00014 list p=18f45k22         
                      00015 #include        <p18f45k22.inc>                 ; Á¥çÂÖ•ÂÆöÁæ©Ê™îInclude file located at defult director
                            y       
                      00001         LIST
                      00002 
                      00003 ;==========================================================================
                      00004 ; Build date : Jan 06 2020
                      00005 ;  MPASM PIC18F45K22 processor include
                      00006 ; 
                      00007 ;  (c) Copyright 1999-2020 Microchip Technology, All rights reserved
                      00008 ;==========================================================================
                      00009 
                      02795         LIST
                      00016 ;
  0000                00017                         global          InitLCD
  0000                00018                         global          putcLCD
  0000                00019                         global          clrLCD
  0000                00020                         global          L1homeLCD
  0000                00021                         global          L2homeLCD
  0000                00022                         global          Send_Cmd
  0000                00023                         global          PutHexLCD
  0000                00024                         global          Hex2ASCII
  0000                00025                         global          Delay_xMS
  0000                00026                         global          Delay_1mS       
  0000                00027                         global          L1_4LCD 
  0000                00028                         global          L2_2LCD 
  0000                00029                         global          L2_7LCD 
  0000                00030                         global          L2_12LCD        
                      00031                         
                      00032 ;
                      00033 ; ÂÆöÁæ©LCDË≥áÊñôÂåØÊµÅÊéí‰ΩøÁî®ËÖ≥‰ΩçËàáÊñπÂêëÊéßÂà∂‰ΩçÂÖÉ
                      00034 ; PORTD[0:3]-->DB[4:7]
                      00035 ;
                      00036                 
  00000F3B            00037 LCD_ANSEL       equ                     ANSELD
  00000F95            00038 LCD_CTRL        equ                     TRISD
  00000F8C            00039 LCD_DATA        equ                     LATD
                      00040 ;ÂÆöÁæ©LCDÊ®°ÁµÑÊéßÂà∂‰ΩøÁî®ËÖ≥‰ΩçËàáÊñπÂêëÊéßÂà∂‰ΩçÂÖÉ
                      00041 ; PORTE,2 --> [E] : LCD operation start signal control 
MPASM 5.87                           LCD.ASM   1-14-2021  11:43:36         PAGE  2


LOC  OBJECT CODE     LINE SOURCE TEXT
  VALUE

                      00042 ; PORTE,1 --> [RW]: LCD Read/Write control
                      00043 ; PORTE,0 --> [RS]: LCD Register Select control
                      00044 ;                                 : "0" for Instrunction register (Write), Busy Flag (Read)
                      00045 ;                                 : "1" for data register (Read/Write)
                      00046 #define         LCD_E_ANSEL     ANSELE,2        
                      00047 #define         LCD_RW_ANSEL    ANSELE,1        
                      00048 #define         LCD_RS_ANSEL    ANSELE,0
                      00049 #define         LCD_E_DIR       TRISE,2 
                      00050 #define         LCD_RW_DIR      TRISE,1 
                      00051 #define         LCD_RS_DIR      TRISE,0
                      00052 #define         LCD_E           LATE,2
                      00053 #define         LCD_RW          LATE,1
                      00054 #define         LCD_RS          LATE,0   
                      00055 
                      00056 
                      00057 ; LCDÊ®°ÁµÑÁõ∏ÈóúÊéßÂà∂ÂëΩ‰ª§
  00000001            00058 CLR_DISP        equ             b'00000001'             ; Clear display and return cursor to home
  00000002            00059 Cursor_Home     equ             b'00000010'             ; Return cursor to home position
                      00060 
  00000004            00061 ENTRY_DEC       equ             b'00000100'             ; Decrement cursor position & No display shift
  00000005            00062 ENTRY_DEC_S     equ             b'00000101'             ; Decrement cursor position & display shift
  00000006            00063 ENTRY_INC       equ             b'00000110'             ; Increment cursor position & No display shift
  00000007            00064 ENTRY_INC_S     equ             b'00000111'             ; Increment cursor position & display shift
                      00065 
  00000008            00066 DISP_OFF        equ             b'00001000'             ; Display off
  0000000C            00067 DISP_ON         equ             b'00001100'             ; Display on control
  0000000E            00068 DISP_ON_C       equ             b'00001110'             ; Display on, Cursor on
  0000000F            00069 DISP_ON_B       equ     b'00001111'             ; Display on, Cursor on, Blink cursor
                      00070 
  00000028            00071 FUNC_SET        equ             b'00101000'             ; 4-bit interface , 2-lines & 5x7 dots
  00000040            00072 CG_RAM_ADDR     equ             b'01000000'             ; Least Significant 6-bit are for CGRAM address
  00000080            00073 DD_RAM_ADDR     equ             b'10000000'             ; Least Significant 7-bit are for DDRAM address
                      00074 ;
                      00075 
                      00076 ; ÂÆ£ÂëäË≥áÊñôÊö´Â≠òËÆäÊï∏
                      00077                         UDATA
000000                00078 LCD_Byte        RES             1
000001                00079 LCD_Temp        RES             1
000002                00080 Count_100uS     RES             1
000003                00081 Count_1mS       RES             1
000004                00082 Count_mS        RES             1
000005                00083 W_BUFR          RES             1
000006                00084 Hex_Bfr         RES             1
                      00085 
                      00086 ;ÂèØÊîúÂºèÁ®ãÂºèÂçÄÂ°äÈñãÂßãÂÆ£Âëä
                      00087 LCD_CODE        CODE    
                      00088 ;*******************************************************************
                      00089 ; LCDÊ®°ÁµÑÂàùÂßãÂåñÂáΩÂºè
                      00090 ;*******************************************************************
000000                00091 InitLCD
000000 948D           00092                         bcf             LCD_E                   ; Clear LCD control line to Zero
000002 928D           00093                         bcf             LCD_RW 
000004 908D           00094                         bcf             LCD_RS 
MPASM 5.87                           LCD.ASM   1-14-2021  11:43:36         PAGE  3


LOC  OBJECT CODE     LINE SOURCE TEXT
  VALUE

                      00095 ;
000006 010F           00096                         banksel         LCD_ANSEL               ; Clear LCD control line Analog Function
000008 513B           00097                         movf            LCD_ANSEL, W, BANKED            ; get I/O directional settng
00000A 0B0F           00098                         andlw           0x0F
00000C 6F3B           00099                         movwf           LCD_ANSEL, BANKED               ; set LCD bus  DB[4:7] for outpu
                            t
00000E 953C           00100                         bcf             LCD_E_ANSEL, BANKED
000010 933C           00101                         bcf             LCD_RW_ANSEL, BANKED
000012 913C           00102                         bcf             LCD_RS_ANSEL, BANKED
                      00103                         
                      00104 ;
000014 9496           00105                         bcf             LCD_E_DIR               ;configure control lines for Output pin
000016 9296           00106                         bcf             LCD_RW_DIR
000018 9096           00107                         bcf             LCD_RS_DIR
                      00108 ;
00001A 5095           00109                         movf    LCD_CTRL,W              ; get I/O directional settng
00001C 0B0F           00110                         andlw   0x0F
00001E 6E95           00111                         movwf   LCD_CTRL                ; set LCD bus  DB[4:7] for output
                      00112 ;
000020 0E32           00113                         movlw   .50                             ; Power-On delay 50mS
000022 D???           00114                         rcall   Delay_xMS
                      00115 ;
000024 0E03           00116                         movlw   b'00000011'             ; #1 , Init for 4-bit interface
000026 D???           00117                         rcall   Send_Low_4bit
                      00118 ;
000028 0E0A           00119                         movlw   .10                             ;  Delay 10 mS
00002A D???           00120                         rcall   Delay_xMS
                      00121 ;
00002C 0E03           00122                         movlw   b'00000011'             ; #2 , Fully Initial LCD module 
00002E D???           00123                         rcall   Send_Low_4bit   ; Sent '0011' data  
000030 D???           00124                         rcall   Delay_1mS
                      00125 ;
000032 0E03           00126                         movlw   b'00000011'             ; #3 , Fully Initial LCD module 
000034 D???           00127                         rcall   Send_Low_4bit   ; Sent '0011' data  
000036 D???           00128                         rcall   Delay_1mS
                      00129 ;
000038 0E02           00130                         movlw   b'00000010'             ; #4 , Fully Initial LCD module 
00003A D???           00131                         rcall   Send_Low_4bit   ; Sent '0010' data  
00003C D???           00132                         rcall   Delay_1mS
                      00133 ;
00003E 0E28           00134                         movlw   FUNC_SET                ; #5,#6 , Set 4-bit mode , 2 lines & 5 x 7 dots
000040 D???           00135                         rcall   Send_Cmd
000042 D???           00136                         rcall   Delay_1mS
                      00137 ;
000044 0E0C           00138                         movlw   DISP_ON                 ; #7,#8 , Turn display on (0x0C)
000046 D???           00139                         rcall   Send_Cmd
000048 D???           00140                         rcall   Delay_1mS
                      00141 ;
00004A 0E01           00142                         movlw   CLR_DISP                ; #9,#10 , Clear LCD Screen
00004C D???           00143                         rcall   Send_Cmd
00004E 0E05           00144                         movlw   .5                              ; Delay 5mS for Clear LCD Command execut
                            ion
000050 D???           00145                         rcall   Delay_xMS
MPASM 5.87                           LCD.ASM   1-14-2021  11:43:36         PAGE  4


LOC  OBJECT CODE     LINE SOURCE TEXT
  VALUE

                      00146 ;
000052 0E06           00147                         movlw   ENTRY_INC               ; #11,#12 , Configure cursor movement
000054 D???           00148                         rcall   Send_Cmd
000056 D???           00149                         rcall   Delay_1mS
                      00150 ;
000058 0E80           00151                         movlw   DD_RAM_ADDR             ; Set writes for display memory
00005A D???           00152                         rcall   Send_Cmd
00005C D???           00153                         rcall   Delay_1mS
                      00154 ;
00005E 0012           00155                         return
                      00156 ;
                      00157 ;*******************************************************************
                      00158 ;*putcLCD - Â∞áÂ≠óÂÖÉÁ¨¶ËôüÈÄÅÂà∞LCDÂáΩÂºè*
                      00159 ;*******************************************************************
000060                00160 putcLCD
000060 010?           00161                         banksel LCD_Byte
000062 6F00           00162                         movwf   LCD_Byte, BANKED                ; Save WREG in Byte variable
000064 D???           00163                         rcall   Send_High_LCD   ; Send upper nibble first       
000066 010?           00164                         banksel LCD_Byte
000068 50??           00165                         movf    LCD_Byte,W
00006A D???           00166                         rcall   Send_Low_LCD    ; Send lower nibble data
00006C D???           00167                         rcall   Delay_100uS
00006E 0012           00168                         return
                      00169 ;                       
000070                00170 Send_Low_LCD 
000070 38E8           00171                         swapf   WREG,W                          ; swap high/low nibble
000072                00172 Send_High_LCD 
000072 928D           00173                         bcf             LCD_RW                  ; set LCD Write Mode
000074 0BF0           00174                         andlw   0xF0                    ; Clear high nibble     
000076 010?           00175                         banksel LCD_Temp
000078 6E??           00176                         movwf   LCD_Temp        
00007A 508C           00177                         movf    LCD_DATA,W              ; Read back PORT
00007C 0B0F           00178                         andlw   0x0F                    ; keep data for PORTD[4:7]
00007E 10??           00179                         iorwf   LCD_Temp,W
000080 6E8C           00180                         movwf   LCD_DATA                ; Write data to LCD bus for low nibble bus DB[4:
                            7]
000082 808D           00181                         bsf             LCD_RS                  ; Set for data input
000084 0000           00182                         nop
000086 848D           00183                         bsf             LCD_E                   ; Clock nibble into LCD
000088 0000           00184                         nop
00008A 948D           00185                         bcf             LCD_E
00008C 0012           00186                         return
                      00187 ;
                      00188 ;*********************************************************************
                      00189 ;*      Â∞á16ÈÄ≤‰ΩçÁöÑÊï∏ÂÄºËΩâÊèõÊàêÊñáÂ≠óÁ¨¶ËôüÂÇ≥Âà∞LCD
                      00190 ;*********************************************************************
00008E                00191 PutHexLCD
00008E 010?           00192                         banksel W_BUFR
000090 6E??           00193                         movwf   W_BUFR                  ; Save W Register !!
000092 38??           00194                         swapf   W_BUFR,W                ; High nibble first !!  
000094 D???           00195                         rcall   Hex2ASCII
000096 D???           00196                         rcall   putcLCD
                      00197 ;
MPASM 5.87                           LCD.ASM   1-14-2021  11:43:36         PAGE  5


LOC  OBJECT CODE     LINE SOURCE TEXT
  VALUE

000098 50??           00198                         movf    W_BUFR,W
00009A D???           00199                         rcall   Hex2ASCII
00009C D???           00200                         rcall   putcLCD
00009E 0012           00201                         return
                      00202 ;
                      00203 ;******************************************************************
                      00204 ;*      ËΩâÊèõÂõõ‰ΩçÂÖÉË≥áÊñôÁÇ∫ASCIIÁ∑®Á¢ºË≥áÊñô
                      00205 ;******************************************************************
0000A0                00206 Hex2ASCII
0000A0 0B0F           00207                         andlw   0x0f                    ; Mask Bit 4 to 7
0000A2 010?           00208                         banksel Hex_Bfr
0000A4 6E??           00209                         movwf   Hex_Bfr
0000A6 0809           00210                         sublw   .09                     ;Ê∏õ9Áúã‰∏çÊòØÈòøÊãâ‰ºØÊï∏Â≠óÔºåÊòØÁöÑË©±Áõ¥Êé•Â
                            ä†0x30 ‰∏çÊòØÁöÑË©±0x37(0x37+A=0x41=A)
0000A8 B0D8           00211                         btfsc   STATUS,C                ; If W less than A (C=1) --> only add 30h
0000AA D???           00212                         bra             _Add_W_30  
0000AC 0E37           00213 _Add_W_37               movlw   0x37
0000AE D???           00214                         bra             _Hex_cont 
0000B0 0E30           00215 _Add_W_30               movlw   0x30
0000B2                00216 _Hex_cont               
0000B2 010?           00217                         banksel W_BUFR
0000B4 24??           00218                         addwf   Hex_Bfr,W               ; The correct ASCII code for this char !!
0000B6 0012           00219                         return
                      00220 ;
                      00221 ;*******************************************************************
                      00222 ;* SendCmd - Â∞áLCDÊéßÂà∂Êåá‰ª§ÂÇ≥Âà∞LCD*
                      00223 ;*******************************************************************
0000B8                00224 Send_Cmd
0000B8 010?           00225                         banksel LCD_Byte
0000BA 6E??           00226                         movwf   LCD_Byte                ; Save WREG in Byte variable
0000BC D???           00227                         rcall   Send_High_4bit  ; Send upper nibble first       
0000BE 010?           00228                         banksel LCD_Byte
0000C0 50??           00229                         movf    LCD_Byte,W
0000C2 D???           00230                         rcall   Send_Low_4bit   ; Send lower nibble data
0000C4 D???           00231                         rcall   Delay_100uS
0000C6 0012           00232                         return
                      00233 ;                       
0000C8                00234 Send_Low_4bit
0000C8 38E8           00235                         swapf   WREG,W                          ; swap high/low nibble
0000CA                00236 Send_High_4bit
0000CA 928D           00237                         bcf             LCD_RW                  ; set LCD Write Mode
0000CC 0BF0           00238                         andlw   0xF0                    ; Clear high nibble     
0000CE 010?           00239                         banksel LCD_Temp
0000D0 6E??           00240                         movwf   LCD_Temp        
0000D2 508C           00241                         movf    LCD_DATA,W              ; Read back PORT
0000D4 0B0F           00242                         andlw   0x0F                    ; keep data for PORTD[4:7]
0000D6 10??           00243                         iorwf   LCD_Temp,W
0000D8 6E8C           00244                         movwf   LCD_DATA                ; Write data to LCD bus for low nibble bus DB[4:
                            7]
0000DA 908D           00245                         bcf             LCD_RS                  ; Clear for command inut
0000DC 0000           00246                         nop
0000DE 848D           00247                         bsf             LCD_E                   ; Clock nibble into LCD
0000E0 0000           00248                         nop
MPASM 5.87                           LCD.ASM   1-14-2021  11:43:36         PAGE  6


LOC  OBJECT CODE     LINE SOURCE TEXT
  VALUE

0000E2 948D           00249                         bcf             LCD_E
0000E4 0012           00250                         return
                      00251 ;
                      00252 ;*******************************************************************
                      00253 ;* clrLCD - Ê∏ÖÈô§LCDÊ®°ÁµÑÈ°ØÁ§∫ÂÖßÂÆπ
                      00254 ;*******************************************************************
0000E6                00255 clrLCD
0000E6 0E01           00256                         movlw   CLR_DISP                ; Clear LCD screen
0000E8 D???           00257                         rcall   Send_Cmd
0000EA 0E05           00258                         movlw   .5                              ; Delay 5mS for Clear LCD Command execut
                            ion
0000EC D???           00259                         bra     Delay_xMS
                      00260 ;
                      00261 ;*******************************************************************
                      00262 ;* L1homeLCD - Â∞áËº∏ÂÖ•Ê∏∏Ê®ôÁßªËá≥Á¨¨‰∏ÄË°åËµ∑Âßã‰ΩçÂùÄ
                      00263 ;*******************************************************************
0000EE                00264 L1homeLCD
0000EE 0E80           00265                         movlw   DD_RAM_ADDR|0x00 ; Send command to move cursor to 
0000F0 D???           00266                         rcall   Send_Cmd                     ; home position on line 1
0000F2 D???           00267                         bra             Delay_100uS
                      00268 
                      00269 ;*******************************************************************
                      00270 ;* L1_4LCD - Â∞áËº∏ÂÖ•Ê∏∏Ê®ôÁßªËá≥Á¨¨‰∏ÄË°åÁ¨¨ÂÖ≠ÂÄã‰ΩçÂùÄ
                      00271 ;*******************************************************************                    
0000F4                00272 L1_4LCD
0000F4 0E84           00273                         movlw   DD_RAM_ADDR|0x04 ; Send command to move cursor to 
0000F6 D???           00274                         rcall   Send_Cmd                     ; home position on line 1
0000F8 D???           00275                         bra             Delay_100uS
                      00276 ;*******************************************************************
                      00277 ;* L2_2LCD       - Â∞áËº∏ÂÖ•Ê∏∏Ê®ôÁßªËá≥Á¨¨‰∏ÄË°åÁ¨¨ÂÖ≠ÂÄã‰ΩçÂùÄ
                      00278 ;*******************************************************************                    
0000FA                00279 L2_2LCD 
0000FA 0EC2           00280                         movlw   DD_RAM_ADDR|0x42 ; Send command to move cursor to 
0000FC D???           00281                         rcall   Send_Cmd                     ; home position on line 1
0000FE D???           00282                         bra             Delay_100uS
                      00283 ;*******************************************************************
                      00284 ;* L2_7LCD       - Â∞áËº∏ÂÖ•Ê∏∏Ê®ôÁßªËá≥Á¨¨‰∏ÄË°åÁ¨¨ÂÖ≠ÂÄã‰ΩçÂùÄ
                      00285 ;*******************************************************************                    
000100                00286 L2_7LCD 
000100 0EC7           00287                         movlw   DD_RAM_ADDR|0x47 ; Send command to move cursor to 
000102 D???           00288                         rcall   Send_Cmd                     ; home position on line 1
000104 D???           00289                         bra             Delay_100uS
                      00290 ;
                      00291 ;*******************************************************************
                      00292 ;* L2_12LCD      - Â∞áËº∏ÂÖ•Ê∏∏Ê®ôÁßªËá≥Á¨¨‰∏ÄË°åÁ¨¨ÂÖ≠ÂÄã‰ΩçÂùÄ
                      00293 ;*******************************************************************                    
000106                00294 L2_12LCD        
000106 0ECC           00295                         movlw   DD_RAM_ADDR|0x4C ; Send command to move cursor to 
000108 D???           00296                         rcall   Send_Cmd                     ; home position on line 1
00010A D???           00297                         bra             Delay_100uS
                      00298 ;
                      00299 ;*******************************************************************
                      00300 ;* L2homeLCD -Â∞áËº∏ÂÖ•Ê∏∏Ê®ôÁßªËá≥Á¨¨‰∫åË°åËµ∑Âßã‰ΩçÂùÄ
MPASM 5.87                           LCD.ASM   1-14-2021  11:43:36         PAGE  7


LOC  OBJECT CODE     LINE SOURCE TEXT
  VALUE

                      00301 ;*******************************************************************
00010C                00302 L2homeLCD
00010C 0EC0           00303                         movlw   DD_RAM_ADDR|0x40 ; Send command to move cursor to
00010E D???           00304                         rcall   Send_Cmd                         ; home position on line 2
000110 D???           00305                         bra             Delay_100uS
                      00306 ;
                      00307 ;*******************************************************************
                      00308 ;*       Delay ‚Äì Âª∂ÈÅ≤XmS
                      00309 ;*******************************************************************
000112                00310 Delay_xMS
000112 010?           00311                         banksel Count_mS
000114 6E??           00312                         movwf   Count_mS
                      00313 ;
000116 EC?? F???      00314 _D_mS           call    Delay_1mS
00011A 010?           00315                         banksel Count_mS
00011C 2E??           00316                         decfsz  Count_mS,F
00011E EF?? F???      00317                         goto    _D_mS
000122 0012           00318                         return
                      00319 ;
                      00320 ;*******************************************************************
                      00321 ;* Delay_1mS -Âª∂ÈÅ≤1mS (1.00mS @ 10MHz)                  *
                      00322 ;* Delay_100uS -Âª∂ÈÅ≤100us @ 10Mhz                                        *                            
                                             
                      00323 ;*******************************************************************
000124                00324 Delay_1mS
000124 0E0A           00325                         movlw   .10                     ; Load 1mS Dealy Value
000126 010?           00326                         banksel Count_1mS
000128 6E??           00327                         movwf   Count_1mS               ; Save to Count2
00012A EC?? F???      00328 _D_1mS          call    Delay_100uS
00012E 010?           00329                         banksel Count_1mS
000130 2E??           00330                         decfsz  Count_1mS,F             ; Count_1ms = 0 ?
000132 D???           00331                         bra             _D_1mS          
000134 0012           00332                         return                                  
                      00333 ;
000136                00334 Delay_100uS
000136 0E32           00335                         movlw   .50                     ; Load delay 100uS value
000138 010?           00336                         banksel Count_100uS
00013A 6E??           00337                         movwf   Count_100uS             ; Save to Count2
00013C 0000           00338 _D_2uS          nop
00013E 0000           00339                         nop
000140 2E??           00340                         decfsz  Count_100uS,F           ; Count2 - 1 = 0 ?
000142 D???           00341                         bra             _D_2uS          
000144 0012           00342                         return                                  
                      00343 ;
                      00344                         END
MPASM 5.87                           LCD.ASM   1-14-2021  11:43:36         PAGE  8


SYMBOL TABLE
  LABEL                             VALUE 

A                                 00000000
ABDEN                             00000000
ABDOVF                            00000007
ACCESS                            00000000
ACKDT                             00000005
ACKEN                             00000004
ACKSTAT                           00000006
ACKTIM                            00000007
ACQT0                             00000003
ACQT1                             00000004
ACQT2                             00000005
ADCMD                             00000000
ADCON0                            00000FC2
ADCON1                            00000FC1
ADCON2                            00000FC0
ADCS0                             00000000
ADCS1                             00000001
ADCS2                             00000002
ADDEN                             00000003
ADDEN1                            00000003
ADDEN2                            00000003
ADEN                              00000003
ADFM                              00000007
ADIE                              00000006
ADIF                              00000006
ADIP                              00000006
ADON                              00000000
ADRES                             00000FC3
ADRESH                            00000FC4
ADRESL                            00000FC3
AHEN                              00000001
AN0                               00000000
AN1                               00000001
AN10                              00000001
AN11                              00000004
AN12                              00000000
AN13                              00000005
AN14                              00000002
AN15                              00000003
AN16                              00000004
AN17                              00000005
AN18                              00000006
AN19                              00000007
AN2                               00000002
AN20                              00000000
AN21                              00000001
AN22                              00000002
AN23                              00000003
AN24                              00000004
AN25                              00000005
AN26                              00000006
AN27                              00000007
AN3                               00000003
MPASM 5.87                           LCD.ASM   1-14-2021  11:43:36         PAGE  9


SYMBOL TABLE
  LABEL                             VALUE 

AN4                               00000005
AN5                               00000000
AN6                               00000001
AN7                               00000002
AN8                               00000002
AN9                               00000003
ANSA0                             00000000
ANSA1                             00000001
ANSA2                             00000002
ANSA3                             00000003
ANSA5                             00000005
ANSB0                             00000000
ANSB1                             00000001
ANSB2                             00000002
ANSB3                             00000003
ANSB4                             00000004
ANSB5                             00000005
ANSC2                             00000002
ANSC3                             00000003
ANSC4                             00000004
ANSC5                             00000005
ANSC6                             00000006
ANSC7                             00000007
ANSD0                             00000000
ANSD1                             00000001
ANSD2                             00000002
ANSD3                             00000003
ANSD4                             00000004
ANSD5                             00000005
ANSD6                             00000006
ANSD7                             00000007
ANSE0                             00000000
ANSE1                             00000001
ANSE2                             00000002
ANSELA                            00000F38
ANSELB                            00000F39
ANSELC                            00000F3A
ANSELD                            00000F3B
ANSELE                            00000F3C
BANKED                            00000001
BAUD1CON                          00000FB8
BAUD2CON                          00000F70
BAUDCON                           00000FB8
BAUDCON1                          00000FB8
BAUDCON2                          00000F70
BAUDCTL                           00000FB8
BCL1IE                            00000003
BCL1IF                            00000003
BCL1IP                            00000003
BCL2IE                            00000006
BCL2IF                            00000006
BCL2IP                            00000006
BCLIE                             00000003
MPASM 5.87                           LCD.ASM   1-14-2021  11:43:36         PAGE 10


SYMBOL TABLE
  LABEL                             VALUE 

BCLIF                             00000003
BCLIP                             00000003
BF                                00000000
BGST                              00000005
BGVST                             00000006
BOEN                              00000004
BOR                               00000000
BRG16                             00000003
BRGH                              00000002
BRGH1                             00000002
BRGH2                             00000002
BSR                               00000FE0
C                                 00000000
C12IN0M                           00000000
C12IN0N                           00000000
C12IN1M                           00000001
C12IN1N                           00000001
C12IN2M                           00000003
C12IN2N                           00000003
C12IN3M                           00000001
C12IN3N                           00000001
C1CH0                             00000000
C1CH1                             00000001
C1HYS                             00000003
C1IE                              00000006
C1IF                              00000006
C1INP                             00000003
C1IP                              00000006
C1OE                              00000005
C1ON                              00000007
C1OUT_CM1CON                      00000006
C1OUT_CM1CON0                     00000006
C1OUT_PORTA                       00000004
C1POL                             00000004
C1R                               00000002
C1RSEL                            00000005
C1SP                              00000003
C1SYNC                            00000001
C1TSEL0                           00000000
C1TSEL1                           00000001
C2CH0                             00000000
C2CH1                             00000001
C2HYS                             00000002
C2IE                              00000005
C2IF                              00000005
C2INP                             00000002
C2IP                              00000005
C2OE                              00000005
C2ON                              00000007
C2OUT_CM2CON                      00000006
C2OUT_CM2CON0                     00000006
C2OUT_PORTA                       00000005
C2POL                             00000004
MPASM 5.87                           LCD.ASM   1-14-2021  11:43:36         PAGE 11


SYMBOL TABLE
  LABEL                             VALUE 

C2R                               00000002
C2RSEL                            00000004
C2SP                              00000003
C2SYNC                            00000000
C2TSEL0                           00000003
C2TSEL1                           00000004
C3TSEL0                           00000006
C3TSEL1                           00000007
C4TSEL0                           00000000
C4TSEL1                           00000001
C5TSEL0                           00000002
C5TSEL1                           00000003
CCP1                              00000002
CCP1AS0                           00000004
CCP1AS1                           00000005
CCP1AS2                           00000006
CCP1ASE                           00000007
CCP1CON                           00000FBD
CCP1IE                            00000002
CCP1IF                            00000002
CCP1IP                            00000002
CCP1M0                            00000000
CCP1M1                            00000001
CCP1M2                            00000002
CCP1M3                            00000003
CCP1MD                            00000000
CCP2AS                            00000F64
CCP2AS0                           00000004
CCP2AS1                           00000005
CCP2AS2                           00000006
CCP2ASE                           00000007
CCP2CON                           00000F66
CCP2IE                            00000000
CCP2IF                            00000000
CCP2IP                            00000000
CCP2M0                            00000000
CCP2M1                            00000001
CCP2M2                            00000002
CCP2M3                            00000003
CCP2MD                            00000001
CCP2_PORTB                        00000003
CCP2_PORTC                        00000001
CCP3AS                            00000F5B
CCP3AS0                           00000004
CCP3AS1                           00000005
CCP3AS2                           00000006
CCP3ASE                           00000007
CCP3CON                           00000F5D
CCP3IE                            00000000
CCP3IF                            00000000
CCP3IP                            00000000
CCP3M0                            00000000
CCP3M1                            00000001
MPASM 5.87                           LCD.ASM   1-14-2021  11:43:36         PAGE 12


SYMBOL TABLE
  LABEL                             VALUE 

CCP3M2                            00000002
CCP3M3                            00000003
CCP3MD                            00000002
CCP3_PORTB                        00000005
CCP3_PORTE                        00000000
CCP4                              00000001
CCP4CON                           00000F57
CCP4IE                            00000001
CCP4IF                            00000001
CCP4IP                            00000001
CCP4M0                            00000000
CCP4M1                            00000001
CCP4M2                            00000002
CCP4M3                            00000003
CCP4MD                            00000003
CCP5                              00000002
CCP5CON                           00000F54
CCP5IE                            00000002
CCP5IF                            00000002
CCP5IP                            00000002
CCP5M0                            00000000
CCP5M1                            00000001
CCP5M2                            00000002
CCP5M3                            00000003
CCP5MD                            00000004
CCPR1                             00000FBE
CCPR1H                            00000FBF
CCPR1L                            00000FBE
CCPR2                             00000F67
CCPR2H                            00000F68
CCPR2L                            00000F67
CCPR3                             00000F5E
CCPR3H                            00000F5F
CCPR3L                            00000F5E
CCPR4                             00000F58
CCPR4H                            00000F59
CCPR4L                            00000F58
CCPR5                             00000F55
CCPR5H                            00000F56
CCPR5L                            00000F55
CCPTMRS0                          00000F49
CCPTMRS1                          00000F48
CFGS                              00000006
CG_RAM_ADDR                       00000040
CHS0                              00000002
CHS1                              00000003
CHS2                              00000004
CHS3                              00000005
CHS4                              00000006
CK                                00000006
CK1                               00000006
CK2                               00000006
CKE                               00000006
MPASM 5.87                           LCD.ASM   1-14-2021  11:43:36         PAGE 13


SYMBOL TABLE
  LABEL                             VALUE 

CKP                               00000004
CKTXP                             00000004
CLR_DISP                          00000001
CM12CON                           00000F77
CM1CON                            00000F79
CM1CON0                           00000F79
CM2CON                            00000F78
CM2CON0                           00000F78
CM2CON1                           00000F77
CMP1MD                            00000001
CMP2MD                            00000002
CREN                              00000004
CREN1                             00000004
CREN2                             00000004
CSRC                              00000007
CSRC1                             00000007
CSRC2                             00000007
CTED1                             00000002
CTED2                             00000003
CTMUCON0                          00000F45
CTMUCON1                          00000F44
CTMUCONH                          00000F45
CTMUCONL                          00000F44
CTMUEN                            00000007
CTMUICON                          00000F43
CTMUICONH                         00000F43
CTMUIE                            00000003
CTMUIF                            00000003
CTMUIP                            00000003
CTMUMD                            00000003
CTMUSIDL                          00000005
CTPLS                             00000002
CTTRIG                            00000000
CVREF                             00000002
Count_100uS                       00000002
Count_1mS                         00000003
Count_mS                          00000004
Cursor_Home                       00000002
D                                 00000005
DACCON0                           00000F41
DACCON1                           00000F40
DACEN                             00000007
DACLPS                            00000006
DACNSS                            00000000
DACOE                             00000005
DACOUT                            00000002
DACPSS0                           00000002
DACPSS1                           00000003
DACR0                             00000000
DACR1                             00000001
DACR2                             00000002
DACR3                             00000003
DACR4                             00000004
MPASM 5.87                           LCD.ASM   1-14-2021  11:43:36         PAGE 14


SYMBOL TABLE
  LABEL                             VALUE 

DC                                00000001
DC1B0                             00000004
DC1B1                             00000005
DC2B0                             00000004
DC2B1                             00000005
DC3B0                             00000004
DC3B1                             00000005
DC4B0                             00000004
DC4B1                             00000005
DC5B0                             00000004
DC5B1                             00000005
DDRA                              TRISA
DDRB                              TRISB
DDRC                              TRISC
DDRD                              TRISD
DDRE                              TRISE
DD_RAM_ADDR                       00000080
DHEN                              00000000
DISP_OFF                          00000008
DISP_ON                           0000000C
DISP_ON_B                         0000000F
DISP_ON_C                         0000000E
DONE                              00000001
DT1                               00000007
DT2                               00000007
DTRXP                             00000005
D_A                               00000005
D_NOT_A                           00000005
Delay_100uS                       00000136
Delay_1mS                         00000124
Delay_xMS                         00000112
ECCP1AS                           00000FB6
ECCP2AS                           00000F64
ECCP3AS                           00000F5B
ECCPAS                            00000FB6
ECCPAS0                           00000004
ECCPAS1                           00000005
ECCPAS2                           00000006
ECCPASE                           00000007
EDG1POL                           00000004
EDG1SEL0                          00000002
EDG1SEL1                          00000003
EDG1STAT                          00000000
EDG2POL                           00000007
EDG2SEL0                          00000005
EDG2SEL1                          00000006
EDG2STAT                          00000001
EDGEN                             00000003
EDGSEQEN                          00000002
EEADR                             00000FA9
EEADR0                            00000000
EEADR1                            00000001
EEADR2                            00000002
MPASM 5.87                           LCD.ASM   1-14-2021  11:43:36         PAGE 15


SYMBOL TABLE
  LABEL                             VALUE 

EEADR3                            00000003
EEADR4                            00000004
EEADR5                            00000005
EEADR6                            00000006
EEADR7                            00000007
EECON1                            00000FA6
EECON2                            00000FA7
EEDATA                            00000FA8
EEIE                              00000004
EEIF                              00000004
EEIP                              00000004
EEPGD                             00000007
ENTRY_DEC                         00000004
ENTRY_DEC_S                       00000005
ENTRY_INC                         00000006
ENTRY_INC_S                       00000007
FAST                              00000001
FERR                              00000002
FERR1                             00000002
FERR2                             00000002
FLT0                              00000000
FREE                              00000004
FSR0                              00000000
FSR0H                             00000FEA
FSR0L                             00000FE9
FSR1                              00000001
FSR1H                             00000FE2
FSR1L                             00000FE1
FSR2                              00000002
FSR2H                             00000FDA
FSR2L                             00000FD9
FUNC_SET                          00000028
FVRCON                            00000F42
FVREN                             00000007
FVRS0                             00000004
FVRS1                             00000005
FVRST                             00000006
GCEN                              00000007
GIE                               00000007
GIEH                              00000007
GIEL                              00000006
GIE_GIEH                          00000007
GO                                00000001
GO_DONE                           00000001
GO_NOT_DONE                       00000001
HFIOFS                            00000002
HLVDCON                           00000F9C
HLVDEN                            00000004
HLVDIE                            00000002
HLVDIF                            00000002
HLVDIN                            00000005
HLVDIP                            00000002
HLVDL0                            00000000
MPASM 5.87                           LCD.ASM   1-14-2021  11:43:36         PAGE 16


SYMBOL TABLE
  LABEL                             VALUE 

HLVDL1                            00000001
HLVDL2                            00000002
HLVDL3                            00000003
Hex2ASCII                         000000A0
Hex_Bfr                           00000006
IDISSEN                           00000001
IDLEN                             00000007
INDF0                             00000FEF
INDF1                             00000FE7
INDF2                             00000FDF
INT0                              00000000
INT0E                             00000004
INT0F                             00000001
INT0IE                            00000004
INT0IF                            00000001
INT1                              00000001
INT1E                             00000003
INT1F                             00000000
INT1IE                            00000003
INT1IF                            00000000
INT1IP                            00000006
INT1P                             00000006
INT2                              00000002
INT2E                             00000004
INT2F                             00000001
INT2IE                            00000004
INT2IF                            00000001
INT2IP                            00000007
INT2P                             00000007
INTCON                            00000FF2
INTCON2                           00000FF1
INTCON3                           00000FF0
INTEDG0                           00000006
INTEDG1                           00000005
INTEDG2                           00000004
INTSRC                            00000007
IOCB                              00000F62
IOCB4                             00000004
IOCB5                             00000005
IOCB6                             00000006
IOCB7                             00000007
IOFS                              00000002
IPEN                              00000007
IPR1                              00000F9F
IPR2                              00000FA2
IPR3                              00000FA5
IPR4                              00000F7C
IPR5                              00000F7F
IRCF0                             00000004
IRCF1                             00000005
IRCF2                             00000006
IRNG0                             00000000
IRNG1                             00000001
MPASM 5.87                           LCD.ASM   1-14-2021  11:43:36         PAGE 17


SYMBOL TABLE
  LABEL                             VALUE 

IRVST                             00000005
ITRIM0                            00000002
ITRIM1                            00000003
ITRIM2                            00000004
ITRIM3                            00000005
ITRIM4                            00000006
ITRIM5                            00000007
IVRST                             00000005
InitLCD                           00000000
KBI0                              00000004
KBI1                              00000005
KBI2                              00000006
KBI3                              00000007
L1_4LCD                           000000F4
L1homeLCD                         000000EE
L2_12LCD                          00000106
L2_2LCD                           000000FA
L2_7LCD                           00000100
L2homeLCD                         0000010C
LATA                              00000F89
LATA0                             00000000
LATA1                             00000001
LATA2                             00000002
LATA3                             00000003
LATA4                             00000004
LATA5                             00000005
LATA6                             00000006
LATA7                             00000007
LATB                              00000F8A
LATB0                             00000000
LATB1                             00000001
LATB2                             00000002
LATB3                             00000003
LATB4                             00000004
LATB5                             00000005
LATB6                             00000006
LATB7                             00000007
LATC                              00000F8B
LATC0                             00000000
LATC1                             00000001
LATC2                             00000002
LATC3                             00000003
LATC4                             00000004
LATC5                             00000005
LATC6                             00000006
LATC7                             00000007
LATD                              00000F8C
LATD0                             00000000
LATD1                             00000001
LATD2                             00000002
LATD3                             00000003
LATD4                             00000004
LATD5                             00000005
MPASM 5.87                           LCD.ASM   1-14-2021  11:43:36         PAGE 18


SYMBOL TABLE
  LABEL                             VALUE 

LATD6                             00000006
LATD7                             00000007
LATE                              00000F8D
LATE0                             00000000
LATE1                             00000001
LATE2                             00000002
LCD_ANSEL                         00000F3B
LCD_Byte                          00000000
LCD_CTRL                          00000F95
LCD_DATA                          00000F8C
LCD_E                             LATE,2
LCD_E_ANSEL                       ANSELE,2
LCD_E_DIR                         TRISE,2
LCD_RS                            LATE,0
LCD_RS_ANSEL                      ANSELE,0
LCD_RS_DIR                        TRISE,0
LCD_RW                            LATE,1
LCD_RW_ANSEL                      ANSELE,1
LCD_RW_DIR                        TRISE,1
LCD_Temp                          00000001
LFIOFS                            00000000
LVDCON                            00000F9C
LVDEN                             00000004
LVDIE                             00000002
LVDIF                             00000002
LVDIN                             00000005
LVDIP                             00000002
LVDL0                             00000000
LVDL1                             00000001
LVDL2                             00000002
LVDL3                             00000003
LVV0                              00000000
LVV1                              00000001
LVV2                              00000002
LVV3                              00000003
MC1OUT                            00000007
MC2OUT                            00000006
MCLR                              00000003
MFIOFS                            00000001
MFIOSEL                           00000004
MSK0                              00000000
MSK1                              00000001
MSK2                              00000002
MSK3                              00000003
MSK4                              00000004
MSK5                              00000005
MSK6                              00000006
MSK7                              00000007
MSSP1MD                           00000006
MSSP2MD                           00000007
N                                 00000004
NOT_A                             00000005
NOT_ADDRESS                       00000005
MPASM 5.87                           LCD.ASM   1-14-2021  11:43:36         PAGE 19


SYMBOL TABLE
  LABEL                             VALUE 

NOT_BOR                           00000000
NOT_DONE                          00000001
NOT_MCLR                          00000003
NOT_PD                            00000002
NOT_POR                           00000001
NOT_RBPU                          00000007
NOT_RI                            00000004
NOT_SS                            00000005
NOT_SS1                           00000005
NOT_SS2                           00000003
NOT_T1SYNC                        00000002
NOT_T3SYNC                        00000002
NOT_T5SYNC                        00000002
NOT_TO                            00000003
NOT_W                             00000002
NOT_WRITE                         00000002
NVCFG0                            00000000
NVCFG1                            00000001
OERR                              00000001
OERR1                             00000001
OERR2                             00000001
OSCCON                            00000FD3
OSCCON2                           00000FD2
OSCFIE                            00000007
OSCFIF                            00000007
OSCFIP                            00000007
OSCTUNE                           00000F9B
OSTS                              00000003
OV                                00000003
P                                 00000004
P1A                               00000002
P1B                               00000005
P1C                               00000006
P1D                               00000007
P1DC0                             00000000
P1DC1                             00000001
P1DC2                             00000002
P1DC3                             00000003
P1DC4                             00000004
P1DC5                             00000005
P1DC6                             00000006
P1M0                              00000006
P1M1                              00000007
P1RSEN                            00000007
P1SSAC0                           00000002
P1SSAC1                           00000003
P1SSBD0                           00000000
P1SSBD1                           00000001
P2A_PORTB                         00000003
P2A_PORTC                         00000001
P2B_PORTC                         00000000
P2B_PORTD                         00000002
P2C                               00000003
MPASM 5.87                           LCD.ASM   1-14-2021  11:43:36         PAGE 20


SYMBOL TABLE
  LABEL                             VALUE 

P2D                               00000004
P2DC0                             00000000
P2DC1                             00000001
P2DC2                             00000002
P2DC3                             00000003
P2DC4                             00000004
P2DC5                             00000005
P2DC6                             00000006
P2M0                              00000006
P2M1                              00000007
P2RSEN                            00000007
P2SSAC0                           00000002
P2SSAC1                           00000003
P2SSBD0                           00000000
P2SSBD1                           00000001
P3A_PORTB                         00000005
P3A_PORTE                         00000000
P3B                               00000001
P3DC0                             00000000
P3DC1                             00000001
P3DC2                             00000002
P3DC3                             00000003
P3DC4                             00000004
P3DC5                             00000005
P3DC6                             00000006
P3M0                              00000006
P3M1                              00000007
P3RSEN                            00000007
P3SSAC0                           00000002
P3SSAC1                           00000003
P3SSBD0                           00000000
P3SSBD1                           00000001
PC                                00000FF9
PCIE                              00000006
PCL                               00000FF9
PCLATH                            00000FFA
PCLATU                            00000FFB
PD                                00000002
PDC0                              00000000
PDC1                              00000001
PDC2                              00000002
PDC3                              00000003
PDC4                              00000004
PDC5                              00000005
PDC6                              00000006
PEIE                              00000006
PEIE_GIEL                         00000006
PEN                               00000002
PGC                               00000006
PGD                               00000007
PIE1                              00000F9D
PIE2                              00000FA0
PIE3                              00000FA3
MPASM 5.87                           LCD.ASM   1-14-2021  11:43:36         PAGE 21


SYMBOL TABLE
  LABEL                             VALUE 

PIE4                              00000F7A
PIE5                              00000F7D
PIR1                              00000F9E
PIR2                              00000FA1
PIR3                              00000FA4
PIR4                              00000F7B
PIR5                              00000F7E
PLLEN                             00000006
PLLRDY                            00000007
PLUSW0                            00000FEB
PLUSW1                            00000FE3
PLUSW2                            00000FDB
PMD0                              00000F3F
PMD1                              00000F3E
PMD2                              00000F3D
POR                               00000001
PORTA                             00000F80
PORTB                             00000F81
PORTC                             00000F82
PORTD                             00000F83
PORTE                             00000F84
POSTDEC0                          00000FED
POSTDEC1                          00000FE5
POSTDEC2                          00000FDD
POSTINC0                          00000FEE
POSTINC1                          00000FE6
POSTINC2                          00000FDE
PR2                               00000FBB
PR4                               00000F52
PR6                               00000F4B
PREINC0                           00000FEC
PREINC1                           00000FE4
PREINC2                           00000FDC
PRISD                             00000002
PROD                              00000FF3
PRODH                             00000FF4
PRODL                             00000FF3
PRSEN                             00000007
PSA                               00000003
PSS1AC0                           00000002
PSS1AC1                           00000003
PSS1BD0                           00000000
PSS1BD1                           00000001
PSS2AC0                           00000002
PSS2AC1                           00000003
PSS2BD0                           00000000
PSS2BD1                           00000001
PSS3AC0                           00000002
PSS3AC1                           00000003
PSS3BD0                           00000000
PSS3BD1                           00000001
PSSAC0                            00000002
PSSAC1                            00000003
MPASM 5.87                           LCD.ASM   1-14-2021  11:43:36         PAGE 22


SYMBOL TABLE
  LABEL                             VALUE 

PSSBD0                            00000000
PSSBD1                            00000001
PSTR1CON                          00000FB9
PSTR2CON                          00000F63
PSTR3CON                          00000F5A
PSTRCON                           00000FB9
PVCFG0                            00000002
PVCFG1                            00000003
PWM1CON                           00000FB7
PWM2CON                           00000F65
PWM3CON                           00000F5C
PWMCON                            00000FB7
PutHexLCD                         0000008E
R                                 00000002
RA0                               00000000
RA1                               00000001
RA2                               00000002
RA3                               00000003
RA4                               00000004
RA5                               00000005
RA6                               00000006
RA7                               00000007
RB0                               00000000
RB1                               00000001
RB2                               00000002
RB3                               00000003
RB4                               00000004
RB5                               00000005
RB6                               00000006
RB7                               00000007
RBIE                              00000003
RBIF                              00000000
RBIP                              00000000
RBPU                              00000007
RC0                               00000000
RC1                               00000001
RC1IE                             00000005
RC1IF                             00000005
RC1IP                             00000005
RC1REG                            00000FAE
RC1STA                            00000FAB
RC2                               00000002
RC2IE                             00000005
RC2IF                             00000005
RC2IP                             00000005
RC2REG                            00000F74
RC2STA                            00000F71
RC3                               00000003
RC4                               00000004
RC5                               00000005
RC6                               00000006
RC7                               00000007
RCEN                              00000003
MPASM 5.87                           LCD.ASM   1-14-2021  11:43:36         PAGE 23


SYMBOL TABLE
  LABEL                             VALUE 

RCIDL                             00000006
RCIE                              00000005
RCIF                              00000005
RCIP                              00000005
RCON                              00000FD0
RCREG                             00000FAE
RCREG1                            00000FAE
RCREG2                            00000F74
RCSTA                             00000FAB
RCSTA1                            00000FAB
RCSTA2                            00000F71
RD                                00000000
RD0                               00000000
RD1                               00000001
RD16                              00000001
RD2                               00000002
RD3                               00000003
RD4                               00000004
RD5                               00000005
RD6                               00000006
RD7                               00000007
RE0                               00000000
RE1                               00000001
RE2                               00000002
RE3                               00000003
RI                                00000004
RSEN                              00000001
RX                                00000007
RX1                               00000007
RX2                               00000007
RX9                               00000006
RX91                              00000006
RX92                              00000006
RX9D                              00000000
RX9D1                             00000000
RX9D2                             00000000
R_NOT_W                           00000002
R_W                               00000002
S                                 00000003
SBCDE                             00000002
SBOREN                            00000006
SCIE                              00000005
SCK                               00000003
SCK1                              00000003
SCK2                              00000000
SCKP                              00000004
SCL                               00000003
SCL1                              00000003
SCL2                              00000000
SCS0                              00000000
SCS1                              00000001
SDA                               00000004
SDA1                              00000004
MPASM 5.87                           LCD.ASM   1-14-2021  11:43:36         PAGE 24


SYMBOL TABLE
  LABEL                             VALUE 

SDA2                              00000001
SDAHT                             00000003
SDI                               00000004
SDI1                              00000004
SDI2                              00000001
SDO                               00000005
SDO1                              00000005
SDO2                              00000004
SEN                               00000000
SENDB                             00000003
SENDB1                            00000003
SENDB2                            00000003
SLRA                              00000000
SLRB                              00000001
SLRC                              00000002
SLRCON                            00000F60
SLRD                              00000003
SLRE                              00000004
SMP                               00000007
SOSCGO                            00000003
SOSCRUN                           00000006
SP0                               00000000
SP1                               00000001
SP1BRG                            00000FAF
SP1BRGH                           00000FB0
SP2                               00000002
SP2BRG                            00000F75
SP2BRGH                           00000F76
SP3                               00000003
SP4                               00000004
SPBRG                             00000FAF
SPBRG1                            00000FAF
SPBRG2                            00000F75
SPBRGH                            00000FB0
SPBRGH1                           00000FB0
SPBRGH2                           00000F76
SPEN                              00000007
SPEN1                             00000007
SPEN2                             00000007
SRCLK0                            00000004
SRCLK1                            00000005
SRCLK2                            00000006
SRCON0                            00000F47
SRCON1                            00000F46
SREN                              00000005
SREN1                             00000005
SREN2                             00000005
SRI                               00000000
SRLEN                             00000007
SRNQ                              00000005
SRNQEN                            00000002
SRPR                              00000000
SRPS                              00000001
MPASM 5.87                           LCD.ASM   1-14-2021  11:43:36         PAGE 25


SYMBOL TABLE
  LABEL                             VALUE 

SRQ                               00000004
SRQEN                             00000003
SRRC1E                            00000000
SRRC2E                            00000001
SRRCKE                            00000002
SRRPE                             00000003
SRSC1E                            00000004
SRSC2E                            00000005
SRSCKE                            00000006
SRSPE                             00000007
SS                                00000005
SS1                               00000005
SS2                               00000003
SSP1ADD                           00000FC8
SSP1BUF                           00000FC9
SSP1CON1                          00000FC6
SSP1CON2                          00000FC5
SSP1CON3                          00000FCB
SSP1IE                            00000003
SSP1IF                            00000003
SSP1IP                            00000003
SSP1MSK                           00000FCA
SSP1STAT                          00000FC7
SSP2ADD                           00000F6E
SSP2BUF                           00000F6F
SSP2CON1                          00000F6C
SSP2CON2                          00000F6B
SSP2CON3                          00000F69
SSP2IE                            00000007
SSP2IF                            00000007
SSP2IP                            00000007
SSP2MSK                           00000F6A
SSP2STAT                          00000F6D
SSPADD                            00000FC8
SSPBUF                            00000FC9
SSPCON1                           00000FC6
SSPCON2                           00000FC5
SSPCON3                           00000FCB
SSPEN                             00000005
SSPIE                             00000003
SSPIF                             00000003
SSPIP                             00000003
SSPM0                             00000000
SSPM1                             00000001
SSPM2                             00000002
SSPM3                             00000003
SSPMSK                            00000FCA
SSPOV                             00000006
SSPSTAT                           00000FC7
STATUS                            00000FD8
STKFUL                            00000007
STKOVF                            00000007
STKPTR                            00000FFC
MPASM 5.87                           LCD.ASM   1-14-2021  11:43:36         PAGE 26


SYMBOL TABLE
  LABEL                             VALUE 

STKPTR0                           00000000
STKPTR1                           00000001
STKPTR2                           00000002
STKPTR3                           00000003
STKPTR4                           00000004
STKUNF                            00000006
STR1A                             00000000
STR1B                             00000001
STR1C                             00000002
STR1D                             00000003
STR1SYNC                          00000004
STR2A                             00000000
STR2B                             00000001
STR2C                             00000002
STR2D                             00000003
STR2SYNC                          00000004
STR3A                             00000000
STR3B                             00000001
STR3C                             00000002
STR3D                             00000003
STR3SYNC                          00000004
SWDTE                             00000000
SWDTEN                            00000000
SYNC                              00000004
SYNC1                             00000004
SYNC2                             00000004
Send_Cmd                          000000B8
Send_High_4bit                    000000CA
Send_High_LCD                     00000072
Send_Low_4bit                     000000C8
Send_Low_LCD                      00000070
T08BIT                            00000006
T0CKI                             00000004
T0CON                             00000FD5
T0CS                              00000005
T0IE                              00000005
T0IF                              00000002
T0PS0                             00000000
T0PS1                             00000001
T0PS2                             00000002
T0SE                              00000004
T1CKI                             00000000
T1CKPS0                           00000004
T1CKPS1                           00000005
T1CON                             00000FCD
T1G                               00000005
T1GCON                            00000FCC
T1GGO                             00000003
T1GGO_NOT_DONE                    00000003
T1GPOL                            00000006
T1GSPM                            00000004
T1GSS0                            00000000
T1GSS1                            00000001
MPASM 5.87                           LCD.ASM   1-14-2021  11:43:36         PAGE 27


SYMBOL TABLE
  LABEL                             VALUE 

T1GTM                             00000005
T1GVAL                            00000002
T1G_DONE                          00000003
T1OSCEN                           00000003
T1OSI                             00000001
T1OSO                             00000000
T1RD16                            00000001
T1SOSCEN                          00000003
T1SYNC                            00000002
T2CKPS0                           00000000
T2CKPS1                           00000001
T2CON                             00000FBA
T2OUTPS0                          00000003
T2OUTPS1                          00000004
T2OUTPS2                          00000005
T2OUTPS3                          00000006
T3CKI_PORTB                       00000005
T3CKI_PORTC                       00000000
T3CKPS0                           00000004
T3CKPS1                           00000005
T3CON                             00000FB1
T3G                               00000000
T3GCON                            00000FB4
T3GGO                             00000003
T3GGO_NOT_DONE                    00000003
T3GPOL                            00000006
T3GSPM                            00000004
T3GSS0                            00000000
T3GSS1                            00000001
T3GTM                             00000005
T3GVAL                            00000002
T3G_DONE                          00000003
T3OSCEN                           00000003
T3RD16                            00000001
T3SOSCEN                          00000003
T4CKPS0                           00000000
T4CKPS1                           00000001
T4CON                             00000F51
T4OUTPS0                          00000003
T4OUTPS1                          00000004
T4OUTPS2                          00000005
T4OUTPS3                          00000006
T5CKI                             00000002
T5CKPS0                           00000004
T5CKPS1                           00000005
T5CON                             00000F4E
T5G                               00000004
T5GCON                            00000F4D
T5GGO                             00000003
T5GGO_NOT_DONE                    00000003
T5GPOL                            00000006
T5GSPM                            00000004
T5GSS0                            00000000
MPASM 5.87                           LCD.ASM   1-14-2021  11:43:36         PAGE 28


SYMBOL TABLE
  LABEL                             VALUE 

T5GSS1                            00000001
T5GTM                             00000005
T5GVAL                            00000002
T5G_DONE                          00000003
T5RD16                            00000001
T5SOSCEN                          00000003
T5SYNC                            00000002
T6CKPS0                           00000000
T6CKPS1                           00000001
T6CON                             00000F4A
T6OUTPS0                          00000003
T6OUTPS1                          00000004
T6OUTPS2                          00000005
T6OUTPS3                          00000006
TABLAT                            00000FF5
TBLPTR                            00000FF6
TBLPTRH                           00000FF7
TBLPTRL                           00000FF6
TBLPTRU                           00000FF8
TGEN                              00000004
TMR0                              00000FD6
TMR0H                             00000FD7
TMR0IE                            00000005
TMR0IF                            00000002
TMR0IP                            00000002
TMR0L                             00000FD6
TMR0ON                            00000007
TMR1                              00000FCE
TMR1CS0                           00000006
TMR1CS1                           00000007
TMR1GE                            00000007
TMR1GIE                           00000000
TMR1GIF                           00000000
TMR1GIP                           00000000
TMR1H                             00000FCF
TMR1IE                            00000000
TMR1IF                            00000000
TMR1IP                            00000000
TMR1L                             00000FCE
TMR1MD                            00000000
TMR1ON                            00000000
TMR2                              00000FBC
TMR2IE                            00000001
TMR2IF                            00000001
TMR2IP                            00000001
TMR2MD                            00000001
TMR2ON                            00000002
TMR3                              00000FB2
TMR3CS0                           00000006
TMR3CS1                           00000007
TMR3GE                            00000007
TMR3GIE                           00000001
TMR3GIF                           00000001
MPASM 5.87                           LCD.ASM   1-14-2021  11:43:36         PAGE 29


SYMBOL TABLE
  LABEL                             VALUE 

TMR3GIP                           00000001
TMR3H                             00000FB3
TMR3IE                            00000001
TMR3IF                            00000001
TMR3IP                            00000001
TMR3L                             00000FB2
TMR3MD                            00000002
TMR3ON                            00000000
TMR4                              00000F53
TMR4IE                            00000000
TMR4IF                            00000000
TMR4IP                            00000000
TMR4MD                            00000003
TMR4ON                            00000002
TMR5                              00000F4F
TMR5CS0                           00000006
TMR5CS1                           00000007
TMR5GE                            00000007
TMR5GIE                           00000002
TMR5GIF                           00000002
TMR5GIP                           00000002
TMR5H                             00000F50
TMR5IE                            00000001
TMR5IF                            00000001
TMR5IP                            00000001
TMR5L                             00000F4F
TMR5MD                            00000004
TMR5ON                            00000000
TMR6                              00000F4C
TMR6IE                            00000002
TMR6IF                            00000002
TMR6IP                            00000002
TMR6MD                            00000005
TMR6ON                            00000002
TO                                00000003
TOS                               00000FFD
TOSH                              00000FFE
TOSL                              00000FFD
TOSU                              00000FFF
TRIGSEL                           00000007
TRISA                             00000F92
TRISA0                            00000000
TRISA1                            00000001
TRISA2                            00000002
TRISA3                            00000003
TRISA4                            00000004
TRISA5                            00000005
TRISA6                            00000006
TRISA7                            00000007
TRISB                             00000F93
TRISB0                            00000000
TRISB1                            00000001
TRISB2                            00000002
MPASM 5.87                           LCD.ASM   1-14-2021  11:43:36         PAGE 30


SYMBOL TABLE
  LABEL                             VALUE 

TRISB3                            00000003
TRISB4                            00000004
TRISB5                            00000005
TRISB6                            00000006
TRISB7                            00000007
TRISC                             00000F94
TRISC0                            00000000
TRISC1                            00000001
TRISC2                            00000002
TRISC3                            00000003
TRISC4                            00000004
TRISC5                            00000005
TRISC6                            00000006
TRISC7                            00000007
TRISD                             00000F95
TRISD0                            00000000
TRISD1                            00000001
TRISD2                            00000002
TRISD3                            00000003
TRISD4                            00000004
TRISD5                            00000005
TRISD6                            00000006
TRISD7                            00000007
TRISE                             00000F96
TRISE0                            00000000
TRISE1                            00000001
TRISE2                            00000002
TRMT                              00000001
TRMT1                             00000001
TRMT2                             00000001
TUN0                              00000000
TUN1                              00000001
TUN2                              00000002
TUN3                              00000003
TUN4                              00000004
TUN5                              00000005
TX                                00000006
TX1                               00000006
TX1IE                             00000004
TX1IF                             00000004
TX1IP                             00000004
TX1REG                            00000FAD
TX1STA                            00000FAC
TX2                               00000006
TX2IE                             00000004
TX2IF                             00000004
TX2IP                             00000004
TX2REG                            00000F73
TX2STA                            00000F72
TX9                               00000006
TX91                              00000006
TX92                              00000006
TX9D                              00000000
MPASM 5.87                           LCD.ASM   1-14-2021  11:43:36         PAGE 31


SYMBOL TABLE
  LABEL                             VALUE 

TX9D1                             00000000
TX9D2                             00000000
TXEN                              00000005
TXEN1                             00000005
TXEN2                             00000005
TXIE                              00000004
TXIF                              00000004
TXIP                              00000004
TXREG                             00000FAD
TXREG1                            00000FAD
TXREG2                            00000F73
TXSTA                             00000FAC
TXSTA1                            00000FAC
TXSTA2                            00000F72
UA                                00000001
UART1MD                           00000006
UART2MD                           00000007
VDIRMAG                           00000007
VPP                               00000003
VREFCON0                          00000F42
VREFCON1                          00000F41
VREFCON2                          00000F40
VREFM                             00000002
VREFN                             00000002
VREFP                             00000003
W                                 00000000
WCOL                              00000007
WDTCON                            00000FD1
WPUB                              00000F61
WPUB0                             00000000
WPUB1                             00000001
WPUB2                             00000002
WPUB3                             00000003
WPUB4                             00000004
WPUB5                             00000005
WPUB6                             00000006
WPUB7                             00000007
WPUE3                             00000007
WR                                00000001
WREG                              00000FE8
WREN                              00000002
WRERR                             00000003
WUE                               00000001
W_BUFR                            00000005
Z                                 00000002
_Add_W_30                         000000B0
_Add_W_37                         000000AC
_BOREN_NOSLP_2L                   000000FD
_BOREN_OFF_2L                     000000F9
_BOREN_ON_2L                      000000FB
_BOREN_SBORDIS_2L                 000000FF
_BORV_190_2L                      000000FF
_BORV_220_2L                      000000F7
MPASM 5.87                           LCD.ASM   1-14-2021  11:43:36         PAGE 32


SYMBOL TABLE
  LABEL                             VALUE 

_BORV_250_2L                      000000EF
_BORV_285_2L                      000000E7
_CCP2MX_PORTB3_3H                 000000FE
_CCP2MX_PORTC1_3H                 000000FF
_CCP3MX_PORTB5_3H                 000000FF
_CCP3MX_PORTE0_3H                 000000FB
_CONFIG1H                         00300001
_CONFIG2H                         00300003
_CONFIG2L                         00300002
_CONFIG3H                         00300005
_CONFIG4L                         00300006
_CONFIG5H                         00300009
_CONFIG5L                         00300008
_CONFIG6H                         0030000B
_CONFIG6L                         0030000A
_CONFIG7H                         0030000D
_CONFIG7L                         0030000C
_CP0_OFF_5L                       000000FF
_CP0_ON_5L                        000000FE
_CP1_OFF_5L                       000000FF
_CP1_ON_5L                        000000FD
_CP2_OFF_5L                       000000FF
_CP2_ON_5L                        000000FB
_CP3_OFF_5L                       000000FF
_CP3_ON_5L                        000000F7
_CPB_OFF_5H                       000000FF
_CPB_ON_5H                        000000BF
_CPD_OFF_5H                       000000FF
_CPD_ON_5H                        0000007F
_DEBUG_OFF_4L                     000000FF
_DEBUG_ON_4L                      0000007F
_DEVID1                           003FFFFE
_DEVID2                           003FFFFF
_D_1mS                            0000012A
_D_2uS                            0000013C
_D_mS                             00000116
_EBTR0_OFF_7L                     000000FF
_EBTR0_ON_7L                      000000FE
_EBTR1_OFF_7L                     000000FF
_EBTR1_ON_7L                      000000FD
_EBTR2_OFF_7L                     000000FF
_EBTR2_ON_7L                      000000FB
_EBTR3_OFF_7L                     000000FF
_EBTR3_ON_7L                      000000F7
_EBTRB_OFF_7H                     000000FF
_EBTRB_ON_7H                      000000BF
_FCMEN_OFF_1H                     000000BF
_FCMEN_ON_1H                      000000FF
_FOSC_ECHPIO6_1H                  000000F5
_FOSC_ECHP_1H                     000000F4
_FOSC_ECLPIO6_1H                  000000FD
_FOSC_ECLP_1H                     000000FC
_FOSC_ECMPIO6_1H                  000000FB
MPASM 5.87                           LCD.ASM   1-14-2021  11:43:36         PAGE 33


SYMBOL TABLE
  LABEL                             VALUE 

_FOSC_ECMP_1H                     000000FA
_FOSC_HSHP_1H                     000000F2
_FOSC_HSMP_1H                     000000F3
_FOSC_INTIO67_1H                  000000F8
_FOSC_INTIO7_1H                   000000F9
_FOSC_LP_1H                       000000F0
_FOSC_RCIO6_1H                    000000F7
_FOSC_RC_1H                       000000F6
_FOSC_XT_1H                       000000F1
_HFOFST_OFF_3H                    000000F7
_HFOFST_ON_3H                     000000FF
_Hex_cont                         000000B2
_IDLOC0                           00200000
_IDLOC1                           00200001
_IDLOC2                           00200002
_IDLOC3                           00200003
_IDLOC4                           00200004
_IDLOC5                           00200005
_IDLOC6                           00200006
_IDLOC7                           00200007
_IESO_OFF_1H                      0000007F
_IESO_ON_1H                       000000FF
_LVP_OFF_4L                       000000FB
_LVP_ON_4L                        000000FF
_MCLRE_EXTMCLR_3H                 000000FF
_MCLRE_INTMCLR_3H                 0000007F
_P2BMX_PORTC0_3H                  000000DF
_P2BMX_PORTD2_3H                  000000FF
_PBADEN_OFF_3H                    000000FD
_PBADEN_ON_3H                     000000FF
_PLLCFG_OFF_1H                    000000EF
_PLLCFG_ON_1H                     000000FF
_PRICLKEN_OFF_1H                  000000DF
_PRICLKEN_ON_1H                   000000FF
_PWRTEN_OFF_2L                    000000FF
_PWRTEN_ON_2L                     000000FE
_STVREN_OFF_4L                    000000FE
_STVREN_ON_4L                     000000FF
_T3CMX_PORTB5_3H                  000000EF
_T3CMX_PORTC0_3H                  000000FF
_WDTEN_NOSLP_2H                   000000FD
_WDTEN_OFF_2H                     000000FC
_WDTEN_ON_2H                      000000FF
_WDTEN_SWON_2H                    000000FE
_WDTPS_1024_2H                    000000EB
_WDTPS_128_2H                     000000DF
_WDTPS_16384_2H                   000000FB
_WDTPS_16_2H                      000000D3
_WDTPS_1_2H                       000000C3
_WDTPS_2048_2H                    000000EF
_WDTPS_256_2H                     000000E3
_WDTPS_2_2H                       000000C7
_WDTPS_32768_2H                   000000FF
MPASM 5.87                           LCD.ASM   1-14-2021  11:43:36         PAGE 34


SYMBOL TABLE
  LABEL                             VALUE 

_WDTPS_32_2H                      000000D7
_WDTPS_4096_2H                    000000F3
_WDTPS_4_2H                       000000CB
_WDTPS_512_2H                     000000E7
_WDTPS_64_2H                      000000DB
_WDTPS_8192_2H                    000000F7
_WDTPS_8_2H                       000000CF
_WRT0_OFF_6L                      000000FF
_WRT0_ON_6L                       000000FE
_WRT1_OFF_6L                      000000FF
_WRT1_ON_6L                       000000FD
_WRT2_OFF_6L                      000000FF
_WRT2_ON_6L                       000000FB
_WRT3_OFF_6L                      000000FF
_WRT3_ON_6L                       000000F7
_WRTB_OFF_6H                      000000FF
_WRTB_ON_6H                       000000BF
_WRTC_OFF_6H                      000000FF
_WRTC_ON_6H                       000000DF
_WRTD_OFF_6H                      000000FF
_WRTD_ON_6H                       0000007F
_XINST_OFF_4L                     000000BF
_XINST_ON_4L                      000000FF
__18F45K22                        00000001
clrLCD                            000000E6
putcLCD                           00000060

Errors   :     0
Warnings :     1 reported,     0 suppressed
Messages :     0 reported,     0 suppressed

